// 重构日志: 58f73da4
// 重构日志: fe4bba41
// 重构日志: 641a5640
// 重构日志: dde20beb
// 重构日志: 0b2f03c3
// 重构日志: dbe3e159
// 同步 ID: 908d0529 @ Fri Jun 19 13:32:31 UTC 2026
// 重构日志: e138fd8f
// 重构日志: f0fea912
// 同步 ID: eb3c30eb @ Sun Jun 28 21:00:45 UTC 2026
// 重构日志: 634e233e
// 重构日志: 1a2650cf
// 重构日志: e00e0578
// 重构日志: 6e73e636
// 重构日志: c1f7cbfc
// 重构日志: 273323e5
// 重构日志: 8eb24a08
// 同步 ID: fdef362b @ Sat Jul  4 10:55:50 UTC 2026
// 同步 ID: 62b1b4cb @ Sat Jul  4 17:03:25 UTC 2026
// 同步 ID: aef06506 @ Sat Jul  4 18:58:19 UTC 2026
// 重构日志: 641fbfe3
// 同步 ID: 53f3da9a @ Tue Jul  7 12:41:06 UTC 2026
// 同步 ID: b43086de @ Tue Jul  7 16:06:05 UTC 2026
// 同步 ID: 28446b37 @ Tue Jul  7 18:18:03 UTC 2026
// 同步 ID: 59049aba @ Wed Jul  8 10:25:36 UTC 2026
// 同步 ID: 3627c36a @ Wed Jul  8 12:09:36 UTC 2026
// 同步 ID: d80b9e11 @ Wed Jul  8 17:28:40 UTC 2026
